
> yahoo-finance@0.1.0 build
> next build

▲ Next.js 16.2.0 (Turbopack)

  Creating an optimized production build ...
✓ Compiled successfully in 4.4s
  Running TypeScript ...
  Finished TypeScript in 3.3s ...
  Collecting page data using 1 worker ...
[yahoo-finance2] Unsupported environment: Requires Node >= 22.0.0, found 20.20.1. (runtime=node, version=20.20.1). Things might break or work unexpectedly!
  Generating static pages using 1 worker (0/5) ...
  Generating static pages using 1 worker (1/5) 
  Generating static pages using 1 worker (2/5) 
  Generating static pages using 1 worker (3/5) 
✓ Generating static pages using 1 worker (5/5) in 141ms
  Finalizing page optimization ...

Route (app)
┌ ○ /
├ ○ /_not-found
└ ƒ /api/stocks


○  (Static)   prerendered as static content
ƒ  (Dynamic)  server-rendered on demand

